2025-08-26 09:25:34 [info]: Testing Supabase connection...
2025-08-26 09:25:35 [info]: ✅ Supabase connection successful!
2025-08-26 09:25:53 [info]: Testing database connection...
2025-08-26 09:25:53 [info]: 🚀 BRC Backend API running on port 3001
2025-08-26 09:25:53 [info]: 📚 API Documentation: http://localhost:3001/api/docs
2025-08-26 09:25:53 [info]: 🏥 Health Check: http://localhost:3001/health
2025-08-26 09:25:53 [info]: 🌍 Environment: development
2025-08-26 09:26:08 [info]: POST /api/leads
2025-08-26 09:26:09 [info]: Lead created successfully: joao.teste@exemplo.com
2025-08-26 09:26:09 [info]: New lead created: joao.teste@exemplo.com from IP: ::ffff:127.0.0.1
2025-08-26 09:26:09 [info]: POST /api/leads - 201
2025-08-26 09:26:25 [info]: GET /api/leads/stats/dashboard
2025-08-26 09:26:26 [info]: GET /api/leads/stats/dashboard - 200
2025-08-26 09:26:38 [info]: Testing database connection...
2025-08-26 09:26:39 [error]: Error: listen EADDRINUSE: address already in use :::3001
    at Server.setupListenHandle [as _listen2] (node:net:1811:16)
    at listenInCluster (node:net:1859:12)
    at Server.listen (node:net:1947:7)
    at Function.listen (/home/safiradigital/dev/frontend/brc/backend/node_modules/express/lib/application.js:635:24)
    at startServer (file:///home/safiradigital/dev/frontend/brc/backend/src/server.js:237:24)
    at process.processTicksAndRejections (node:internal/process/task_queues:95:5)
2025-08-26 09:30:50 [info]: POST /api/leads
2025-08-26 09:30:50 [warn]: Validation error on POST /:
2025-08-26 09:30:50 [info]: POST /api/leads - 400
2025-08-26 09:31:03 [info]: POST /api/leads
2025-08-26 09:31:04 [info]: Lead created successfully: jonathandjavan@gmail.com
2025-08-26 09:31:04 [info]: New lead created: jonathandjavan@gmail.com from IP: ::ffff:127.0.0.1
2025-08-26 09:31:04 [info]: POST /api/leads - 201
2025-08-26 09:39:11 [info]: GET /
2025-08-26 09:39:11 [warn]: Route not found: GET /
2025-08-26 09:39:11 [info]: GET / - 404
2025-08-26 09:40:17 [info]: Testing database connection...
2025-08-26 09:40:18 [info]: 🚀 BRC Backend API running on port 3001
2025-08-26 09:40:18 [info]: 📚 API Documentation: http://localhost:3001/api/docs
2025-08-26 09:40:18 [info]: 🏥 Health Check: http://localhost:3001/health
2025-08-26 09:40:18 [info]: 🌍 Environment: development
2025-08-26 09:40:42 [info]: Testing database connection...
2025-08-26 09:40:42 [info]: 🚀 BRC Backend API running on port 3001
2025-08-26 09:40:42 [info]: 📚 API Documentation: http://localhost:3001/api/docs
2025-08-26 09:40:42 [info]: 🏥 Health Check: http://localhost:3001/health
2025-08-26 09:40:42 [info]: 🌍 Environment: development
2025-08-26 09:41:54 [info]: Testing database connection...
2025-08-26 09:41:55 [info]: 🚀 BRC Backend API running on port 3001
2025-08-26 09:41:55 [info]: 📚 API Documentation: http://localhost:3001/api/docs
2025-08-26 09:41:55 [info]: 🏥 Health Check: http://localhost:3001/health
2025-08-26 09:41:55 [info]: 🌍 Environment: development
2025-08-26 09:42:27 [info]: Testing database connection...
2025-08-26 09:42:28 [info]: 🚀 BRC Backend API running on port 3001
2025-08-26 09:42:28 [info]: 📚 API Documentation: http://localhost:3001/api/docs
2025-08-26 09:42:28 [info]: 🏥 Health Check: http://localhost:3001/health
2025-08-26 09:42:28 [info]: 🌍 Environment: development
2025-08-26 09:43:01 [info]: POST /api/leads
2025-08-26 09:43:02 [info]: POST /api/leads - 409
2025-08-26 09:43:17 [info]: POST /api/leads
2025-08-26 09:43:17 [info]: Lead created successfully: maria.teste@exemplo.com
2025-08-26 09:43:17 [info]: New lead created: maria.teste@exemplo.com from IP: ::ffff:127.0.0.1
2025-08-26 09:43:17 [info]: POST /api/leads - 201
2025-08-26 10:03:09 [info]: Testing database connection...
2025-08-26 10:03:10 [info]: 🚀 BRC Backend API running on port 3001
2025-08-26 10:03:10 [info]: 📚 API Documentation: http://localhost:3001/api/docs
2025-08-26 10:03:10 [info]: 🏥 Health Check: http://localhost:3001/health
2025-08-26 10:03:10 [info]: 🌍 Environment: development
2025-08-26 10:03:25 [info]: Testing database connection...
2025-08-26 10:03:26 [info]: 🚀 BRC Backend API running on port 3001
2025-08-26 10:03:26 [info]: 📚 API Documentation: http://localhost:3001/api/docs
2025-08-26 10:03:26 [info]: 🏥 Health Check: http://localhost:3001/health
2025-08-26 10:03:26 [info]: 🌍 Environment: development
2025-08-26 10:03:38 [info]: Testing database connection...
2025-08-26 10:03:38 [info]: 🚀 BRC Backend API running on port 3001
2025-08-26 10:03:38 [info]: 📚 API Documentation: http://localhost:3001/api/docs
2025-08-26 10:03:38 [info]: 🏥 Health Check: http://localhost:3001/health
2025-08-26 10:03:38 [info]: 🌍 Environment: development
2025-08-26 10:06:19 [info]: GET /api/leads/stats/dashboard
2025-08-26 10:06:20 [info]: GET /api/leads/stats/dashboard - 200
2025-08-26 10:06:20 [info]: GET /api/leads/stats/dashboard
2025-08-26 10:06:21 [info]: GET /api/leads/stats/dashboard - 304
2025-08-26 10:06:36 [info]: GET /api/leads?page=1&limit=10&orderBy=created_at&order=desc
2025-08-26 10:06:36 [info]: GET /api/leads?page=1&limit=10&orderBy=created_at&order=desc
2025-08-26 10:06:36 [info]: GET /api/leads?page=1&limit=10&orderBy=created_at&order=desc
2025-08-26 10:06:36 [info]: GET /api/leads?page=1&limit=10&orderBy=created_at&order=desc
2025-08-26 10:06:36 [info]: GET /api/leads?page=1&limit=10&orderBy=created_at&order=desc - 200
2025-08-26 10:06:36 [info]: GET /api/leads?page=1&limit=10&orderBy=created_at&order=desc - 200
2025-08-26 10:06:36 [info]: GET /api/leads?page=1&limit=10&orderBy=created_at&order=desc - 200
2025-08-26 10:06:36 [info]: GET /api/leads?page=1&limit=10&orderBy=created_at&order=desc - 200
2025-08-26 10:06:40 [info]: GET /api/leads/stats/dashboard
2025-08-26 10:06:40 [info]: GET /api/leads/stats/dashboard - 304
2025-08-26 10:06:40 [info]: GET /api/leads/stats/dashboard
2025-08-26 10:06:40 [info]: GET /api/leads?limit=1000
2025-08-26 10:06:40 [info]: GET /api/leads?limit=1000 - 200
2025-08-26 10:06:41 [info]: GET /api/leads/stats/dashboard - 304
2025-08-26 10:06:41 [info]: GET /api/leads?limit=1000
2025-08-26 10:06:41 [info]: GET /api/leads?limit=1000 - 304
2025-08-26 10:06:42 [info]: GET /api/leads/stats/dashboard
2025-08-26 10:06:42 [info]: GET /api/leads/stats/dashboard - 304
2025-08-26 10:06:42 [info]: GET /api/leads/stats/dashboard
2025-08-26 10:06:43 [info]: GET /api/leads/stats/dashboard - 304
2025-08-26 10:06:46 [info]: GET /api/leads?page=1&limit=10&orderBy=created_at&order=desc
2025-08-26 10:06:46 [info]: GET /api/leads?page=1&limit=10&orderBy=created_at&order=desc - 304
2025-08-26 10:06:46 [info]: GET /api/leads?page=1&limit=10&orderBy=created_at&order=desc
2025-08-26 10:06:46 [info]: GET /api/leads?page=1&limit=10&orderBy=created_at&order=desc
2025-08-26 10:06:46 [info]: GET /api/leads?page=1&limit=10&orderBy=created_at&order=desc
2025-08-26 10:06:46 [info]: GET /api/leads?page=1&limit=10&orderBy=created_at&order=desc - 304
2025-08-26 10:06:46 [info]: GET /api/leads?page=1&limit=10&orderBy=created_at&order=desc - 200
2025-08-26 10:06:46 [info]: GET /api/leads?page=1&limit=10&orderBy=created_at&order=desc - 200
2025-08-26 10:06:51 [info]: GET /api/leads/stats/dashboard
2025-08-26 10:06:52 [info]: GET /api/leads/stats/dashboard - 304
2025-08-26 10:06:52 [info]: GET /api/leads/stats/dashboard
2025-08-26 10:06:52 [info]: GET /api/leads?limit=1000
2025-08-26 10:06:52 [info]: GET /api/leads?limit=1000 - 304
2025-08-26 10:06:52 [info]: GET /api/leads/stats/dashboard - 304
2025-08-26 10:06:52 [info]: GET /api/leads?limit=1000
2025-08-26 10:06:53 [info]: GET /api/leads?limit=1000 - 304
2025-08-26 10:07:13 [info]: GET /api/leads?page=1&limit=10&orderBy=created_at&order=desc
2025-08-26 10:07:13 [info]: GET /api/leads?page=1&limit=10&orderBy=created_at&order=desc
2025-08-26 10:07:13 [info]: GET /api/leads?page=1&limit=10&orderBy=created_at&order=desc - 304
2025-08-26 10:07:13 [info]: GET /api/leads?page=1&limit=10&orderBy=created_at&order=desc
2025-08-26 10:07:13 [info]: GET /api/leads?page=1&limit=10&orderBy=created_at&order=desc
2025-08-26 10:07:13 [info]: GET /api/leads?page=1&limit=10&orderBy=created_at&order=desc - 200
2025-08-26 10:07:13 [info]: GET /api/leads?page=1&limit=10&orderBy=created_at&order=desc - 200
2025-08-26 10:07:13 [info]: GET /api/leads?page=1&limit=10&orderBy=created_at&order=desc - 200
2025-08-26 10:07:21 [info]: GET /api/leads/stats/dashboard
2025-08-26 10:07:21 [info]: GET /api/leads/stats/dashboard - 304
2025-08-26 10:07:21 [info]: GET /api/leads/stats/dashboard
2025-08-26 10:07:22 [info]: GET /api/leads/stats/dashboard - 304
2025-08-26 10:10:01 [info]: GET /api/leads?page=1&limit=10&orderBy=created_at&order=desc
2025-08-26 10:10:01 [info]: GET /api/leads?page=1&limit=10&orderBy=created_at&order=desc
2025-08-26 10:10:01 [info]: GET /api/leads?page=1&limit=10&orderBy=created_at&order=desc
2025-08-26 10:10:01 [info]: GET /api/leads?page=1&limit=10&orderBy=created_at&order=desc
2025-08-26 10:10:01 [info]: GET /api/leads?page=1&limit=10&orderBy=created_at&order=desc - 304
2025-08-26 10:10:01 [info]: GET /api/leads?page=1&limit=10&orderBy=created_at&order=desc - 200
2025-08-26 10:10:01 [info]: GET /api/leads?page=1&limit=10&orderBy=created_at&order=desc - 200
2025-08-26 10:10:02 [info]: GET /api/leads?page=1&limit=10&orderBy=created_at&order=desc - 200
2025-08-26 10:10:35 [info]: GET /api/leads/stats/dashboard
2025-08-26 10:10:35 [info]: GET /api/leads/stats/dashboard - 304
2025-08-26 10:10:35 [info]: GET /api/leads/stats/dashboard
2025-08-26 10:10:36 [info]: GET /api/leads/stats/dashboard - 304
2025-08-26 10:10:40 [info]: GET /api/leads?page=1&limit=10&orderBy=created_at&order=desc
2025-08-26 10:10:40 [info]: GET /api/leads?page=1&limit=10&orderBy=created_at&order=desc
2025-08-26 10:10:40 [info]: GET /api/leads?page=1&limit=10&orderBy=created_at&order=desc
2025-08-26 10:10:40 [info]: GET /api/leads?page=1&limit=10&orderBy=created_at&order=desc
2025-08-26 10:10:40 [info]: GET /api/leads?page=1&limit=10&orderBy=created_at&order=desc - 304
2025-08-26 10:10:40 [info]: GET /api/leads?page=1&limit=10&orderBy=created_at&order=desc - 200
2025-08-26 10:10:40 [info]: GET /api/leads?page=1&limit=10&orderBy=created_at&order=desc - 200
2025-08-26 10:10:40 [info]: GET /api/leads?page=1&limit=10&orderBy=created_at&order=desc - 200
2025-08-26 10:13:59 [info]: GET /api/leads/stats/dashboard
2025-08-26 10:14:01 [info]: GET /api/leads/stats/dashboard - 304
2025-08-26 10:14:01 [info]: GET /api/leads/stats/dashboard
2025-08-26 10:14:01 [info]: GET /api/leads?limit=1000
2025-08-26 10:14:01 [info]: GET /api/leads?limit=1000 - 304
2025-08-26 10:14:01 [info]: GET /api/leads/stats/dashboard - 304
2025-08-26 10:14:02 [info]: GET /api/leads?limit=1000
2025-08-26 10:14:02 [info]: GET /api/leads?limit=1000 - 304
2025-08-26 10:14:14 [info]: GET /api/leads/stats/dashboard
2025-08-26 10:14:15 [info]: GET /api/leads/stats/dashboard - 304
2025-08-26 10:14:15 [info]: GET /api/leads/stats/dashboard
2025-08-26 10:14:15 [info]: GET /api/leads/stats/dashboard - 304
2025-08-26 10:14:18 [info]: GET /api/leads/stats/dashboard
2025-08-26 10:14:18 [info]: GET /api/leads/stats/dashboard - 304
2025-08-26 10:14:18 [info]: GET /api/leads/stats/dashboard
2025-08-26 10:14:18 [info]: GET /api/leads?limit=1000
2025-08-26 10:14:19 [info]: GET /api/leads?limit=1000 - 304
2025-08-26 10:14:19 [info]: GET /api/leads/stats/dashboard - 304
2025-08-26 10:14:19 [info]: GET /api/leads?limit=1000
2025-08-26 10:14:19 [info]: GET /api/leads?limit=1000 - 304
2025-08-26 10:34:46 [info]: GET /api/leads/stats/dashboard
2025-08-26 10:34:48 [info]: GET /api/leads/stats/dashboard - 304
2025-08-26 10:34:48 [info]: GET /api/leads/stats/dashboard
2025-08-26 10:34:48 [info]: GET /api/leads/stats/dashboard - 304
2025-08-26 10:35:14 [info]: GET /api/leads?page=1&limit=10&orderBy=created_at&order=desc
2025-08-26 10:35:14 [info]: GET /api/leads?page=1&limit=10&orderBy=created_at&order=desc
2025-08-26 10:35:14 [info]: GET /api/leads?page=1&limit=10&orderBy=created_at&order=desc
2025-08-26 10:35:14 [info]: GET /api/leads?page=1&limit=10&orderBy=created_at&order=desc
2025-08-26 10:35:14 [info]: GET /api/leads?page=1&limit=10&orderBy=created_at&order=desc - 200
2025-08-26 10:35:14 [info]: GET /api/leads?page=1&limit=10&orderBy=created_at&order=desc - 200
2025-08-26 10:35:14 [info]: GET /api/leads?page=1&limit=10&orderBy=created_at&order=desc - 304
2025-08-26 10:35:14 [info]: GET /api/leads?page=1&limit=10&orderBy=created_at&order=desc - 200
2025-08-26 10:35:17 [info]: GET /api/leads/stats/dashboard
2025-08-26 10:35:18 [info]: GET /api/leads/stats/dashboard - 304
2025-08-26 10:35:18 [info]: GET /api/leads/stats/dashboard
2025-08-26 10:35:18 [info]: GET /api/leads/stats/dashboard - 304
2025-08-26 10:35:19 [info]: GET /api/leads?page=1&limit=10&orderBy=created_at&order=desc
2025-08-26 10:35:19 [info]: GET /api/leads?page=1&limit=10&orderBy=created_at&order=desc
2025-08-26 10:35:19 [info]: GET /api/leads?page=1&limit=10&orderBy=created_at&order=desc
2025-08-26 10:35:19 [info]: GET /api/leads?page=1&limit=10&orderBy=created_at&order=desc
2025-08-26 10:35:20 [info]: GET /api/leads?page=1&limit=10&orderBy=created_at&order=desc - 304
2025-08-26 10:35:20 [info]: GET /api/leads?page=1&limit=10&orderBy=created_at&order=desc - 200
2025-08-26 10:35:20 [info]: GET /api/leads?page=1&limit=10&orderBy=created_at&order=desc - 200
2025-08-26 10:35:20 [info]: GET /api/leads?page=1&limit=10&orderBy=created_at&order=desc - 200
2025-08-26 10:35:39 [info]: GET /api/leads/stats/dashboard
2025-08-26 10:35:40 [info]: GET /api/leads/stats/dashboard - 304
2025-08-26 10:35:40 [info]: GET /api/leads/stats/dashboard
2025-08-26 10:35:40 [info]: GET /api/leads/stats/dashboard - 304
2025-08-26 10:36:01 [info]: GET /api/leads?page=1&limit=10&orderBy=created_at&order=desc
2025-08-26 10:36:01 [info]: GET /api/leads?page=1&limit=10&orderBy=created_at&order=desc
2025-08-26 10:36:01 [info]: GET /api/leads?page=1&limit=10&orderBy=created_at&order=desc
2025-08-26 10:36:01 [info]: GET /api/leads?page=1&limit=10&orderBy=created_at&order=desc
2025-08-26 10:36:01 [info]: GET /api/leads?page=1&limit=10&orderBy=created_at&order=desc - 304
2025-08-26 10:36:01 [info]: GET /api/leads?page=1&limit=10&orderBy=created_at&order=desc - 200
2025-08-26 10:36:01 [info]: GET /api/leads?page=1&limit=10&orderBy=created_at&order=desc - 200
2025-08-26 10:36:01 [info]: GET /api/leads?page=1&limit=10&orderBy=created_at&order=desc - 200
2025-08-26 10:36:12 [info]: PUT /api/leads/37c9d01a-d599-4b3b-9924-33887bfb7c2d
2025-08-26 10:36:12 [info]: PUT /api/leads/37c9d01a-d599-4b3b-9924-33887bfb7c2d - 400
2025-08-26 10:36:32 [info]: Testing database connection...
2025-08-26 10:36:33 [info]: 🚀 BRC Backend API running on port 3001
2025-08-26 10:36:33 [info]: 📚 API Documentation: http://localhost:3001/api/docs
2025-08-26 10:36:33 [info]: 🏥 Health Check: http://localhost:3001/health
2025-08-26 10:36:33 [info]: 🌍 Environment: development
2025-08-26 10:36:49 [info]: Testing database connection...
2025-08-26 10:36:49 [info]: 🚀 BRC Backend API running on port 3001
2025-08-26 10:36:49 [info]: 📚 API Documentation: http://localhost:3001/api/docs
2025-08-26 10:36:49 [info]: 🏥 Health Check: http://localhost:3001/health
2025-08-26 10:36:49 [info]: 🌍 Environment: development
2025-08-26 10:37:03 [info]: Testing database connection...
2025-08-26 10:37:03 [info]: 🚀 BRC Backend API running on port 3001
2025-08-26 10:37:03 [info]: 📚 API Documentation: http://localhost:3001/api/docs
2025-08-26 10:37:03 [info]: 🏥 Health Check: http://localhost:3001/health
2025-08-26 10:37:03 [info]: 🌍 Environment: development
2025-08-26 10:38:09 [info]: Testing database connection...
2025-08-26 10:38:09 [info]: 🚀 BRC Backend API running on port 3001
2025-08-26 10:38:09 [info]: 📚 API Documentation: http://localhost:3001/api/docs
2025-08-26 10:38:09 [info]: 🏥 Health Check: http://localhost:3001/health
2025-08-26 10:38:09 [info]: 🌍 Environment: development
2025-08-26 10:38:20 [info]: GET /api/leads/stats/dashboard
2025-08-26 10:38:21 [info]: GET /api/leads/stats/dashboard - 200
2025-08-26 10:41:06 [info]: GET /api/leads?page=1&limit=1
2025-08-26 10:41:06 [info]: GET /api/leads?page=1&limit=1 - 200
2025-08-26 10:41:15 [info]: PUT /api/leads/f2138005-0428-42af-ba34-46e4d83e1568
2025-08-26 10:41:16 [info]: Lead updated successfully: maria.teste@exemplo.com
2025-08-26 10:41:16 [info]: Lead updated: maria.teste@exemplo.com by IP: ::ffff:127.0.0.1
2025-08-26 10:41:16 [info]: PUT /api/leads/f2138005-0428-42af-ba34-46e4d83e1568 - 200
2025-08-26 10:41:24 [info]: DELETE /api/leads/f2138005-0428-42af-ba34-46e4d83e1568
2025-08-26 10:41:25 [info]: Lead deleted: maria.teste@exemplo.com by IP: ::ffff:127.0.0.1
2025-08-26 10:41:25 [info]: DELETE /api/leads/f2138005-0428-42af-ba34-46e4d83e1568 - 200
2025-08-26 10:41:32 [info]: GET /api/leads/stats/dashboard
2025-08-26 10:41:33 [info]: GET /api/leads/stats/dashboard - 200
2025-08-26 10:41:33 [info]: GET /api/leads/stats/dashboard
2025-08-26 10:41:33 [info]: GET /api/leads/stats/dashboard - 304
2025-08-26 10:41:34 [info]: GET /api/leads?page=1&limit=10&orderBy=created_at&order=desc
2025-08-26 10:41:34 [info]: GET /api/leads?page=1&limit=10&orderBy=created_at&order=desc - 200
2025-08-26 10:41:34 [info]: GET /api/leads?page=1&limit=10&orderBy=created_at&order=desc
2025-08-26 10:41:34 [info]: GET /api/leads?page=1&limit=10&orderBy=created_at&order=desc
2025-08-26 10:41:34 [info]: GET /api/leads?page=1&limit=10&orderBy=created_at&order=desc
2025-08-26 10:41:34 [info]: GET /api/leads?page=1&limit=10&orderBy=created_at&order=desc - 304
2025-08-26 10:41:34 [info]: GET /api/leads?page=1&limit=10&orderBy=created_at&order=desc - 304
2025-08-26 10:41:34 [info]: GET /api/leads?page=1&limit=10&orderBy=created_at&order=desc - 200
2025-08-26 10:42:31 [info]: PUT /api/leads/37c9d01a-d599-4b3b-9924-33887bfb7c2d
2025-08-26 10:42:31 [info]: Lead updated successfully: jonathandjavan@gmail.com
2025-08-26 10:42:31 [info]: Lead updated: jonathandjavan@gmail.com by IP: ::ffff:127.0.0.1
2025-08-26 10:42:31 [info]: PUT /api/leads/37c9d01a-d599-4b3b-9924-33887bfb7c2d - 200
2025-08-26 10:42:33 [info]: GET /api/leads/stats/dashboard
2025-08-26 10:42:34 [info]: GET /api/leads/stats/dashboard - 304
2025-08-26 10:42:34 [info]: GET /api/leads/stats/dashboard
2025-08-26 10:42:34 [info]: GET /api/leads/stats/dashboard - 304
2025-08-26 10:42:35 [info]: GET /api/leads?page=1&limit=10&orderBy=created_at&order=desc
2025-08-26 10:42:35 [info]: GET /api/leads?page=1&limit=10&orderBy=created_at&order=desc - 200
2025-08-26 10:42:35 [info]: GET /api/leads?page=1&limit=10&orderBy=created_at&order=desc
2025-08-26 10:42:35 [info]: GET /api/leads?page=1&limit=10&orderBy=created_at&order=desc
2025-08-26 10:42:35 [info]: GET /api/leads?page=1&limit=10&orderBy=created_at&order=desc - 304
2025-08-26 10:42:35 [info]: GET /api/leads?page=1&limit=10&orderBy=created_at&order=desc
2025-08-26 10:42:35 [info]: GET /api/leads?page=1&limit=10&orderBy=created_at&order=desc - 304
2025-08-26 10:42:35 [info]: GET /api/leads?page=1&limit=10&orderBy=created_at&order=desc - 304
2025-08-26 10:44:04 [info]: GET /api/leads/stats/dashboard
2025-08-26 10:44:05 [info]: GET /api/leads/stats/dashboard - 304
2025-08-26 10:44:05 [info]: GET /api/leads/stats/dashboard
2025-08-26 10:44:05 [info]: GET /api/leads/stats/dashboard - 304
2025-08-26 10:44:06 [info]: GET /api/leads?page=1&limit=10&orderBy=created_at&order=desc
2025-08-26 10:44:06 [info]: GET /api/leads?page=1&limit=10&orderBy=created_at&order=desc - 304
2025-08-26 10:44:06 [info]: GET /api/leads?page=1&limit=10&orderBy=created_at&order=desc
2025-08-26 10:44:06 [info]: GET /api/leads?page=1&limit=10&orderBy=created_at&order=desc - 304
2025-08-26 10:44:06 [info]: GET /api/leads?page=1&limit=10&orderBy=created_at&order=desc
2025-08-26 10:44:06 [info]: GET /api/leads?page=1&limit=10&orderBy=created_at&order=desc
2025-08-26 10:44:06 [info]: GET /api/leads?page=1&limit=10&orderBy=created_at&order=desc - 304
2025-08-26 10:44:06 [info]: GET /api/leads?page=1&limit=10&orderBy=created_at&order=desc - 200
2025-08-26 10:46:29 [info]: DELETE /api/leads/2968d835-deec-47dc-95e6-c6f392dd0895
2025-08-26 10:46:30 [info]: Lead deleted: joao.teste@exemplo.com by IP: ::ffff:127.0.0.1
2025-08-26 10:46:30 [info]: DELETE /api/leads/2968d835-deec-47dc-95e6-c6f392dd0895 - 200
2025-08-26 10:46:31 [info]: GET /api/leads/stats/dashboard
2025-08-26 10:46:32 [info]: GET /api/leads/stats/dashboard - 200
2025-08-26 10:46:32 [info]: GET /api/leads/stats/dashboard
2025-08-26 10:46:32 [info]: GET /api/leads/stats/dashboard - 304
2025-08-26 10:46:36 [info]: GET /api/leads?page=1&limit=10&orderBy=created_at&order=desc
2025-08-26 10:46:36 [info]: GET /api/leads?page=1&limit=10&orderBy=created_at&order=desc
2025-08-26 10:46:36 [info]: GET /api/leads?page=1&limit=10&orderBy=created_at&order=desc - 200
2025-08-26 10:46:36 [info]: GET /api/leads?page=1&limit=10&orderBy=created_at&order=desc
2025-08-26 10:46:36 [info]: GET /api/leads?page=1&limit=10&orderBy=created_at&order=desc - 200
2025-08-26 10:46:36 [info]: GET /api/leads?page=1&limit=10&orderBy=created_at&order=desc
2025-08-26 10:46:36 [info]: GET /api/leads?page=1&limit=10&orderBy=created_at&order=desc - 304
2025-08-26 10:46:36 [info]: GET /api/leads?page=1&limit=10&orderBy=created_at&order=desc - 200
2025-08-26 10:47:50 [info]: GET /api/leads/stats/dashboard
2025-08-26 10:47:51 [info]: GET /api/leads/stats/dashboard - 304
2025-08-26 10:47:51 [info]: GET /api/leads/stats/dashboard
2025-08-26 10:47:52 [info]: GET /api/leads/stats/dashboard - 304
2025-08-26 10:49:04 [info]: GET /api/leads/stats/dashboard
2025-08-26 10:49:05 [info]: GET /api/leads/stats/dashboard - 304
2025-08-26 10:49:05 [info]: GET /api/leads/stats/dashboard
2025-08-26 10:49:05 [info]: GET /api/leads/stats/dashboard - 304
2025-08-26 10:49:23 [info]: GET /api/leads/stats/dashboard
2025-08-26 10:49:24 [info]: GET /api/leads/stats/dashboard - 304
2025-08-26 10:49:24 [info]: GET /api/leads/stats/dashboard
2025-08-26 10:49:24 [info]: GET /api/leads/stats/dashboard - 304
2025-08-26 10:49:31 [info]: GET /api/leads?page=1&limit=10&orderBy=created_at&order=desc
2025-08-26 10:49:31 [info]: GET /api/leads?page=1&limit=10&orderBy=created_at&order=desc
2025-08-26 10:49:31 [info]: GET /api/leads?page=1&limit=10&orderBy=created_at&order=desc
2025-08-26 10:49:31 [info]: GET /api/leads?page=1&limit=10&orderBy=created_at&order=desc
2025-08-26 10:49:31 [info]: GET /api/leads?page=1&limit=10&orderBy=created_at&order=desc - 304
2025-08-26 10:49:31 [info]: GET /api/leads?page=1&limit=10&orderBy=created_at&order=desc - 200
2025-08-26 10:49:31 [info]: GET /api/leads?page=1&limit=10&orderBy=created_at&order=desc - 200
2025-08-26 10:49:31 [info]: GET /api/leads?page=1&limit=10&orderBy=created_at&order=desc - 200
2025-08-26 10:49:37 [info]: DELETE /api/leads/37c9d01a-d599-4b3b-9924-33887bfb7c2d
2025-08-26 10:49:37 [info]: Lead deleted: jonathandjavan@gmail.com by IP: ::ffff:127.0.0.1
2025-08-26 10:49:37 [info]: DELETE /api/leads/37c9d01a-d599-4b3b-9924-33887bfb7c2d - 200
2025-08-26 10:49:37 [info]: GET /api/leads?page=1&limit=10&orderBy=created_at&order=desc
2025-08-26 10:49:37 [info]: GET /api/leads?page=1&limit=10&orderBy=created_at&order=desc - 200
2025-08-26 10:49:37 [info]: GET /api/leads?page=1&limit=10&orderBy=created_at&order=desc
2025-08-26 10:49:37 [info]: GET /api/leads?page=1&limit=10&orderBy=created_at&order=desc
2025-08-26 10:49:37 [info]: GET /api/leads?page=1&limit=10&orderBy=created_at&order=desc
2025-08-26 10:49:37 [info]: GET /api/leads?page=1&limit=10&orderBy=created_at&order=desc - 304
2025-08-26 10:49:37 [info]: GET /api/leads?page=1&limit=10&orderBy=created_at&order=desc - 304
2025-08-26 10:49:37 [info]: GET /api/leads?page=1&limit=10&orderBy=created_at&order=desc - 200
2025-08-26 10:50:07 [info]: POST /api/leads
2025-08-26 10:50:08 [info]: Lead created successfully: jonathandjavan@gmail.com
2025-08-26 10:50:08 [info]: New lead created: jonathandjavan@gmail.com from IP: ::ffff:127.0.0.1
2025-08-26 10:50:08 [info]: POST /api/leads - 201
2025-08-26 10:50:29 [info]: GET /api/leads/stats/dashboard
2025-08-26 10:50:30 [info]: GET /api/leads/stats/dashboard - 304
2025-08-26 10:50:30 [info]: GET /api/leads/stats/dashboard
2025-08-26 10:50:31 [info]: GET /api/leads/stats/dashboard - 304
2025-08-26 10:50:32 [info]: GET /api/leads?page=1&limit=10&orderBy=created_at&order=desc
2025-08-26 10:50:32 [info]: GET /api/leads?page=1&limit=10&orderBy=created_at&order=desc - 200
2025-08-26 10:50:32 [info]: GET /api/leads?page=1&limit=10&orderBy=created_at&order=desc
2025-08-26 10:50:32 [info]: GET /api/leads?page=1&limit=10&orderBy=created_at&order=desc
2025-08-26 10:50:32 [info]: GET /api/leads?page=1&limit=10&orderBy=created_at&order=desc - 304
2025-08-26 10:50:32 [info]: GET /api/leads?page=1&limit=10&orderBy=created_at&order=desc
2025-08-26 10:50:32 [info]: GET /api/leads?page=1&limit=10&orderBy=created_at&order=desc - 304
2025-08-26 10:50:32 [info]: GET /api/leads?page=1&limit=10&orderBy=created_at&order=desc - 304
2025-08-26 10:51:09 [info]: DELETE /api/leads/2bf2f3d1-465b-4377-ab1e-d12e036e4e12
2025-08-26 10:51:09 [info]: Lead deleted: jonathandjavan@gmail.com by IP: ::ffff:127.0.0.1
2025-08-26 10:51:09 [info]: DELETE /api/leads/2bf2f3d1-465b-4377-ab1e-d12e036e4e12 - 200
2025-08-26 10:51:09 [info]: GET /api/leads?page=1&limit=10&orderBy=created_at&order=desc
2025-08-26 10:51:09 [info]: GET /api/leads?page=1&limit=10&orderBy=created_at&order=desc - 200
2025-08-26 10:51:09 [info]: GET /api/leads?page=1&limit=10&orderBy=created_at&order=desc
2025-08-26 10:51:09 [info]: GET /api/leads?page=1&limit=10&orderBy=created_at&order=desc
2025-08-26 10:51:09 [info]: GET /api/leads?page=1&limit=10&orderBy=created_at&order=desc - 304
2025-08-26 10:51:09 [info]: GET /api/leads?page=1&limit=10&orderBy=created_at&order=desc
2025-08-26 10:51:10 [info]: GET /api/leads?page=1&limit=10&orderBy=created_at&order=desc - 304
2025-08-26 10:51:10 [info]: GET /api/leads?page=1&limit=10&orderBy=created_at&order=desc - 304
2025-08-26 10:51:11 [info]: GET /api/leads/stats/dashboard
2025-08-26 10:51:11 [info]: GET /api/leads/stats/dashboard - 200
2025-08-26 10:51:11 [info]: GET /api/leads/stats/dashboard
2025-08-26 10:51:12 [info]: GET /api/leads/stats/dashboard - 304
2025-08-26 10:51:16 [info]: GET /api/leads/stats/dashboard
2025-08-26 10:51:17 [info]: GET /api/leads/stats/dashboard - 304
2025-08-26 10:51:17 [info]: GET /api/leads/stats/dashboard
2025-08-26 10:51:17 [info]: GET /api/leads?limit=1000
2025-08-26 10:51:17 [info]: GET /api/leads?limit=1000 - 200
2025-08-26 10:51:17 [info]: GET /api/leads/stats/dashboard - 304
2025-08-26 10:51:17 [info]: GET /api/leads?limit=1000
2025-08-26 10:51:17 [info]: GET /api/leads?limit=1000 - 304
2025-08-26 10:51:21 [info]: GET /api/leads/stats/dashboard
2025-08-26 10:51:21 [info]: GET /api/leads/stats/dashboard - 304
2025-08-26 10:51:21 [info]: GET /api/leads/stats/dashboard
2025-08-26 10:51:21 [info]: GET /api/leads/stats/dashboard - 304
2025-08-26 10:51:48 [info]: POST /api/leads
2025-08-26 10:51:49 [info]: Lead created successfully: jonathandjavan@gmail.com
2025-08-26 10:51:49 [info]: New lead created: jonathandjavan@gmail.com from IP: ::ffff:127.0.0.1
2025-08-26 10:51:49 [info]: POST /api/leads - 201
2025-08-26 10:52:13 [info]: POST /api/leads
2025-08-26 10:52:13 [info]: Lead created successfully: contatojonathandjavan@gmail.com
2025-08-26 10:52:13 [info]: New lead created: contatojonathandjavan@gmail.com from IP: ::ffff:127.0.0.1
2025-08-26 10:52:13 [info]: POST /api/leads - 201
2025-08-26 10:52:19 [info]: GET /api/leads/stats/dashboard
2025-08-26 10:52:19 [info]: GET /api/leads/stats/dashboard - 200
2025-08-26 10:52:19 [info]: GET /api/leads/stats/dashboard
2025-08-26 10:52:20 [info]: GET /api/leads/stats/dashboard - 304
2025-08-26 10:52:23 [info]: GET /api/leads?page=1&limit=10&orderBy=created_at&order=desc
2025-08-26 10:52:23 [info]: GET /api/leads?page=1&limit=10&orderBy=created_at&order=desc - 200
2025-08-26 10:52:23 [info]: GET /api/leads?page=1&limit=10&orderBy=created_at&order=desc
2025-08-26 10:52:23 [info]: GET /api/leads?page=1&limit=10&orderBy=created_at&order=desc
2025-08-26 10:52:23 [info]: GET /api/leads?page=1&limit=10&orderBy=created_at&order=desc - 304
2025-08-26 10:52:23 [info]: GET /api/leads?page=1&limit=10&orderBy=created_at&order=desc - 304
2025-08-26 10:52:23 [info]: GET /api/leads?page=1&limit=10&orderBy=created_at&order=desc
2025-08-26 10:52:23 [info]: GET /api/leads?page=1&limit=10&orderBy=created_at&order=desc - 304
2025-08-26 10:52:26 [info]: GET /api/leads/stats/dashboard
2025-08-26 10:52:26 [info]: GET /api/leads/stats/dashboard - 304
2025-08-26 10:52:26 [info]: GET /api/leads/stats/dashboard
2025-08-26 10:52:26 [info]: GET /api/leads?limit=1000
2025-08-26 10:52:26 [info]: GET /api/leads?limit=1000 - 200
2025-08-26 10:52:27 [info]: GET /api/leads/stats/dashboard - 304
2025-08-26 10:52:27 [info]: GET /api/leads?limit=1000
2025-08-26 10:52:27 [info]: GET /api/leads?limit=1000 - 304
2025-08-26 10:55:57 [info]: GET /api/leads/stats/dashboard
2025-08-26 10:55:57 [info]: GET /api/leads/stats/dashboard - 304
2025-08-26 10:55:57 [info]: GET /api/leads/stats/dashboard
2025-08-26 10:55:58 [info]: GET /api/leads/stats/dashboard - 304
2025-08-26 10:55:58 [info]: GET /api/leads/stats/dashboard
2025-08-26 10:55:59 [info]: GET /api/leads/stats/dashboard - 304
2025-08-26 10:55:59 [info]: GET /api/leads/stats/dashboard
2025-08-26 10:55:59 [info]: GET /api/leads?limit=1000
2025-08-26 10:55:59 [info]: GET /api/leads?limit=1000 - 304
2025-08-26 10:55:59 [info]: GET /api/leads/stats/dashboard - 304
2025-08-26 10:55:59 [info]: GET /api/leads?limit=1000
2025-08-26 10:56:00 [info]: GET /api/leads?limit=1000 - 304
2025-08-26 10:57:41 [info]: GET /api/leads/stats/dashboard
2025-08-26 10:57:42 [info]: GET /api/leads/stats/dashboard - 304
2025-08-26 10:57:42 [info]: GET /api/leads/stats/dashboard
2025-08-26 10:57:42 [info]: GET /api/leads/stats/dashboard - 304
2025-08-26 10:57:58 [info]: GET /api/leads/stats/dashboard
2025-08-26 10:57:58 [info]: GET /api/leads/stats/dashboard - 304
2025-08-26 10:57:58 [info]: GET /api/leads/stats/dashboard
2025-08-26 10:57:59 [info]: GET /api/leads/stats/dashboard - 304
2025-08-26 10:57:59 [info]: GET /api/leads?page=1&limit=10&orderBy=created_at&order=desc
2025-08-26 10:57:59 [info]: GET /api/leads?page=1&limit=10&orderBy=created_at&order=desc
2025-08-26 10:57:59 [info]: GET /api/leads?page=1&limit=10&orderBy=created_at&order=desc - 304
2025-08-26 10:57:59 [info]: GET /api/leads?page=1&limit=10&orderBy=created_at&order=desc
2025-08-26 10:57:59 [info]: GET /api/leads?page=1&limit=10&orderBy=created_at&order=desc - 304
2025-08-26 10:57:59 [info]: GET /api/leads?page=1&limit=10&orderBy=created_at&order=desc
2025-08-26 10:57:59 [info]: GET /api/leads?page=1&limit=10&orderBy=created_at&order=desc - 304
2025-08-26 10:57:59 [info]: GET /api/leads?page=1&limit=10&orderBy=created_at&order=desc - 304
2025-08-26 10:58:00 [info]: GET /api/leads/stats/dashboard
2025-08-26 10:58:00 [info]: GET /api/leads/stats/dashboard - 304
2025-08-26 10:58:00 [info]: GET /api/leads/stats/dashboard
2025-08-26 10:58:00 [info]: GET /api/leads?limit=1000
2025-08-26 10:58:00 [info]: GET /api/leads?limit=1000 - 304
2025-08-26 10:58:01 [info]: GET /api/leads/stats/dashboard - 304
2025-08-26 10:58:01 [info]: GET /api/leads?limit=1000
2025-08-26 10:58:01 [info]: GET /api/leads?limit=1000 - 304
2025-08-26 10:58:57 [info]: GET /api/leads/stats/dashboard
2025-08-26 10:58:57 [info]: GET /api/leads/stats/dashboard - 304
2025-08-26 10:58:57 [info]: GET /api/leads/stats/dashboard
2025-08-26 10:58:58 [info]: GET /api/leads/stats/dashboard - 304
2025-08-26 11:04:04 [info]: GET /api/leads?page=1&limit=10&orderBy=created_at&order=desc
2025-08-26 11:04:04 [info]: GET /api/leads?page=1&limit=10&orderBy=created_at&order=desc
2025-08-26 11:04:04 [info]: GET /api/leads?page=1&limit=10&orderBy=created_at&order=desc
2025-08-26 11:04:04 [info]: GET /api/leads?page=1&limit=10&orderBy=created_at&order=desc
2025-08-26 11:04:05 [info]: GET /api/leads?page=1&limit=10&orderBy=created_at&order=desc - 304
2025-08-26 11:04:05 [info]: GET /api/leads?page=1&limit=10&orderBy=created_at&order=desc - 200
2025-08-26 11:04:05 [info]: GET /api/leads?page=1&limit=10&orderBy=created_at&order=desc - 200
2025-08-26 11:04:05 [info]: GET /api/leads?page=1&limit=10&orderBy=created_at&order=desc - 200
2025-08-26 11:04:10 [info]: GET /api/leads/stats/dashboard
2025-08-26 11:04:11 [info]: GET /api/leads/stats/dashboard - 304
2025-08-26 11:04:11 [info]: GET /api/leads/stats/dashboard
2025-08-26 11:04:11 [info]: GET /api/leads?limit=1000
2025-08-26 11:04:11 [info]: GET /api/leads?limit=1000 - 304
2025-08-26 11:04:12 [info]: GET /api/leads/stats/dashboard - 304
2025-08-26 11:04:12 [info]: GET /api/leads?limit=1000
2025-08-26 11:04:12 [info]: GET /api/leads?limit=1000 - 304
2025-08-26 11:10:11 [info]: GET /api/leads/stats/dashboard
2025-08-26 11:10:12 [info]: GET /api/leads/stats/dashboard - 304
2025-08-26 11:10:12 [info]: GET /api/leads/stats/dashboard
2025-08-26 11:10:13 [info]: GET /api/leads/stats/dashboard - 304
2025-08-26 11:11:21 [info]: GET /api/leads?page=1&limit=10&orderBy=created_at&order=desc
2025-08-26 11:11:21 [info]: GET /api/leads?page=1&limit=10&orderBy=created_at&order=desc
2025-08-26 11:11:21 [info]: GET /api/leads?page=1&limit=10&orderBy=created_at&order=desc
2025-08-26 11:11:21 [info]: GET /api/leads?page=1&limit=10&orderBy=created_at&order=desc
2025-08-26 11:11:21 [info]: GET /api/leads?page=1&limit=10&orderBy=created_at&order=desc - 304
2025-08-26 11:11:21 [info]: GET /api/leads?page=1&limit=10&orderBy=created_at&order=desc - 200
2025-08-26 11:11:21 [info]: GET /api/leads?page=1&limit=10&orderBy=created_at&order=desc - 200
2025-08-26 11:11:21 [info]: GET /api/leads?page=1&limit=10&orderBy=created_at&order=desc - 200
2025-08-26 11:11:22 [info]: GET /api/leads/stats/dashboard
2025-08-26 11:11:22 [info]: GET /api/leads/stats/dashboard - 304
2025-08-26 11:11:22 [info]: GET /api/leads/stats/dashboard
2025-08-26 11:11:23 [info]: GET /api/leads?limit=1000
2025-08-26 11:11:23 [info]: GET /api/leads?limit=1000 - 304
2025-08-26 11:11:23 [info]: GET /api/leads/stats/dashboard - 304
2025-08-26 11:11:23 [info]: GET /api/leads/stats/dashboard
2025-08-26 11:11:23 [info]: GET /api/leads?limit=1000
2025-08-26 11:11:23 [info]: GET /api/leads?limit=1000 - 304
2025-08-26 11:11:23 [info]: GET /api/leads/stats/dashboard - 304
2025-08-26 11:11:23 [info]: GET /api/leads/stats/dashboard
2025-08-26 11:11:24 [info]: GET /api/leads/stats/dashboard - 304
2025-08-26 11:15:43 [info]: GET /api/leads?page=1&limit=10&orderBy=created_at&order=desc
2025-08-26 11:15:43 [info]: GET /api/leads?page=1&limit=10&orderBy=created_at&order=desc
2025-08-26 11:15:43 [info]: GET /api/leads?page=1&limit=10&orderBy=created_at&order=desc
2025-08-26 11:15:43 [info]: GET /api/leads?page=1&limit=10&orderBy=created_at&order=desc
2025-08-26 11:15:43 [info]: GET /api/leads?page=1&limit=10&orderBy=created_at&order=desc - 200
2025-08-26 11:15:43 [info]: GET /api/leads?page=1&limit=10&orderBy=created_at&order=desc - 200
2025-08-26 11:15:43 [info]: GET /api/leads?page=1&limit=10&orderBy=created_at&order=desc - 200
2025-08-26 11:15:43 [info]: GET /api/leads?page=1&limit=10&orderBy=created_at&order=desc - 304
2025-08-26 11:15:52 [info]: GET /api/leads/stats/dashboard
2025-08-26 11:15:53 [info]: GET /api/leads/stats/dashboard - 304
2025-08-26 11:15:53 [info]: GET /api/leads/stats/dashboard
2025-08-26 11:15:53 [info]: GET /api/leads?limit=1000
2025-08-26 11:15:53 [info]: GET /api/leads?limit=1000 - 304
2025-08-26 11:15:54 [info]: GET /api/leads/stats/dashboard - 304
2025-08-26 11:15:54 [info]: GET /api/leads?limit=1000
2025-08-26 11:15:54 [info]: GET /api/leads?limit=1000 - 304
2025-08-26 11:17:27 [info]: GET /api/leads?page=1&limit=10&orderBy=created_at&order=desc
2025-08-26 11:17:27 [info]: GET /api/leads?page=1&limit=10&orderBy=created_at&order=desc
2025-08-26 11:17:27 [info]: GET /api/leads?page=1&limit=10&orderBy=created_at&order=desc
2025-08-26 11:17:27 [info]: GET /api/leads?page=1&limit=10&orderBy=created_at&order=desc
2025-08-26 11:17:27 [info]: GET /api/leads?page=1&limit=10&orderBy=created_at&order=desc - 304
2025-08-26 11:17:27 [info]: GET /api/leads?page=1&limit=10&orderBy=created_at&order=desc - 200
2025-08-26 11:17:27 [info]: GET /api/leads?page=1&limit=10&orderBy=created_at&order=desc - 200
2025-08-26 11:17:28 [info]: GET /api/leads?page=1&limit=10&orderBy=created_at&order=desc - 200
